11 2 8 0 0 0 1205136194 171414 7809200 0 7809072 0 0 0 1843260257 268606870 7809888 0 9109840 0 
1 7 14 0 9109840 0 1188424514 469933462 13 0 9109840 0 9109840 0 1205136194 171414 7809296 0 9109840 0 
13 0 9109840 0 9109840 0 1205136194 171414 7809296 0 9109840 0 0 0 1188424514 268606870 1 6 17 0 
15 10 278038828 -2147483136 0 0 278104367 -2147482880 0 0 278694190 -2147482624 0 0 278759721 -2147482368 0 0 278825256 -2147482112 
17 13 277252368 -1946153472 15 0 277317907 -1946153216 2 0 276859154 -1946152960 15 0 276924701 -1946152704 4 0 276990236 -1946152448 
11 0 9109840 0 0 -1 1188424514 134389142 0 2 0 0 0 -1 1540746079 268606870 0 0 0 0 
2 0 9109840 0 0 0 0 0 0 0 -841094207 16817559 0 10485761 0 2162688 33 2162688 0 0 
1 0 9109840 0 0 0 1188424514 268606870 1 7 14 0 9109840 0 1188424514 469933462 13 0 9109840 0 
15 19 277645598 -1946151936 16 15 277711129 -2147478272 15 0 277776664 -2013260288 3 5 277842203 -2147477760 0 0 277383450 -2147477504 
4 0 276990236 -1946152448 9 0 277055775 -2013261056 15 19 277645598 -1946151936 16 15 277711129 -2147478272 15 0 277776664 -2013260288 
1 6 17 0 0 0 1087761220 537042326 4 9 12 17 16 18 33554434 171414 7809296 0 7809232 0 
15 0 277317907 -1946153216 2 0 276859154 -1946152960 15 0 276924701 -1946152704 4 0 276990236 -1946152448 9 0 277055775 -2013261056 
3 5 277842203 -2147477760 0 0 277383450 -2147477504 0 0 277448965 -2147477248 0 0 277514500 -2147476992 0 0 0 0 
2 0 276859154 -1946152960 15 0 276924701 -1946152704 4 0 276990236 -1946152448 9 0 277055775 -2013261056 15 19 277645598 -1946151936 
4 9 12 17 16 18 33554434 171414 7809296 0 7809232 0 0 0 1104472900 171408 7811920 0 7809296 0 
15 20 277121302 -2147480576 0 0 277186833 -2013262592 17 13 277252368 -1946153472 15 0 277317907 -1946153216 2 0 276859154 -1946152960 
5 15 11 0 0 0 280922283 -2147478784 0 0 0 0 0 0 280529045 -2147478528 0 0 0 0 
15 0 276924701 -1946152704 4 0 276990236 -1946152448 9 0 277055775 -2013261056 15 19 277645598 -1946151936 16 15 277711129 -2147478272 
9 0 277055775 -2013261056 15 19 277645598 -1946151936 16 15 277711129 -2147478272 15 0 277776664 -2013260288 3 5 277842203 -2147477760 
2